<?xml version="1.0" encoding="UTF-8"?>
<testng-results ignored="0" total="1" passed="1" failed="0" skipped="0">
  <reporter-output>
  </reporter-output>
  <suite started-at="2025-03-13T12:15:58 IST" name="Default suite" finished-at="2025-03-13T12:16:03 IST" duration-ms="4417">
    <groups>
    </groups>
    <test started-at="2025-03-13T12:15:58 IST" name="Default test" finished-at="2025-03-13T12:16:03 IST" duration-ms="4417">
      <class name="projectmaven.TestNG.window_snippet">
        <test-method signature="window_handling()[pri:0, instance:projectmaven.TestNG.window_snippet@2a898881]" started-at="2025-03-13T12:15:58 IST" name="window_handling" finished-at="2025-03-13T12:16:03 IST" duration-ms="4354" status="PASS">
          <reporter-output>
          </reporter-output>
        </test-method> <!-- window_handling -->
      </class> <!-- projectmaven.TestNG.window_snippet -->
    </test> <!-- Default test -->
  </suite> <!-- Default suite -->
</testng-results>
