<?xml version="1.0" encoding="UTF-8"?>
<!-- Generated by org.testng.reporters.JUnitXMLReporter -->
<testsuite ignored="1" hostname="ZAKEER" failures="0" tests="2" name="Test" time="0.098" errors="0" timestamp="2025-01-17T16:35:39 IST">
  <testcase classname="projectmaven.TestNG.annotations" name="test1" time="0.012"/>
  <testcase classname="projectmaven.TestNG.annotations" name="test3" time="0.006"/>
  <testcase classname="projectmaven.TestNG.annotations" name="test2" time="0.0">
    <ignored/>
  </testcase> <!-- test2 -->
</testsuite> <!-- Test -->
